<?xml version="1.0" encoding="UTF-8"?>
<!-- Generated by org.testng.reporters.JUnitReportReporter -->
<testsuite hostname="Rithik" failures="0" tests="1" name="Tests.LoginTest" time="11.516" errors="0" timestamp="2024-01-09T18:29:18 IST" skipped="0">
  <testcase classname="Tests.LoginTest" name="LoginPage" time="11.516"/>
  <system-out/>
</testsuite> <!-- Tests.LoginTest -->
